0 info it worked if it ends with ok
1 verbose cli [ '/usr/bin/nodejs', '/usr/bin/npm', 'start' ]
2 info using npm@3.8.3
3 info using node@v5.10.1
4 warn onload-script failed to require onload script npm-autoinit/autoinit
5 warn onload-script Error: Cannot find module 'npm-autoinit/autoinit'
5 warn onload-script     at Function.Module._resolveFilename (module.js:339:15)
5 warn onload-script     at Function.Module._load (module.js:290:25)
5 warn onload-script     at Module.require (module.js:367:17)
5 warn onload-script     at require (internal/module.js:16:19)
5 warn onload-script     at cb (/usr/lib/node_modules/npm/lib/npm.js:189:11)
5 warn onload-script     at /usr/lib/node_modules/npm/lib/npm.js:295:16
5 warn onload-script     at /usr/lib/node_modules/npm/lib/config/core.js:80:7
5 warn onload-script     at Array.forEach (native)
5 warn onload-script     at /usr/lib/node_modules/npm/lib/config/core.js:79:13
5 warn onload-script     at f (/usr/lib/node_modules/npm/node_modules/once/once.js:17:25)
5 warn onload-script  { [Error: Cannot find module 'npm-autoinit/autoinit'] code: 'MODULE_NOT_FOUND' }
6 verbose run-script [ 'prestart', 'start', 'poststart' ]
7 info lifecycle quiz@0.0.0~prestart: quiz@0.0.0
8 silly lifecycle quiz@0.0.0~prestart: no script for prestart, continuing
9 info lifecycle quiz@0.0.0~start: quiz@0.0.0
10 verbose lifecycle quiz@0.0.0~start: unsafe-perm in lifecycle true
11 verbose lifecycle quiz@0.0.0~start: PATH: /usr/lib/node_modules/npm/bin/node-gyp-bin:/home/c.algarabide/mis_proyectos/quiz/node_modules/.bin:/usr/bin:/home/c.algarabide/.java/java_home/bin:/opt/bin:/usr/local/sbin:/usr/local/bin:/usr/sbin:/usr/bin:/sbin:/bin:/usr/games:/usr/local/games
12 verbose lifecycle quiz@0.0.0~start: CWD: /home/c.algarabide/mis_proyectos/quiz
13 silly lifecycle quiz@0.0.0~start: Args: [ '-c', 'node ./bin/www' ]
14 silly lifecycle quiz@0.0.0~start: Returned: code: 1  signal: null
15 info lifecycle quiz@0.0.0~start: Failed to exec start script
16 verbose stack Error: quiz@0.0.0 start: `node ./bin/www`
16 verbose stack Exit status 1
16 verbose stack     at EventEmitter.<anonymous> (/usr/lib/node_modules/npm/lib/utils/lifecycle.js:239:16)
16 verbose stack     at emitTwo (events.js:100:13)
16 verbose stack     at EventEmitter.emit (events.js:185:7)
16 verbose stack     at ChildProcess.<anonymous> (/usr/lib/node_modules/npm/lib/utils/spawn.js:24:14)
16 verbose stack     at emitTwo (events.js:100:13)
16 verbose stack     at ChildProcess.emit (events.js:185:7)
16 verbose stack     at maybeClose (internal/child_process.js:850:16)
16 verbose stack     at Process.ChildProcess._handle.onexit (internal/child_process.js:215:5)
17 verbose pkgid quiz@0.0.0
18 verbose cwd /home/c.algarabide/mis_proyectos/quiz
19 error Linux 3.13.0-67-generic
20 error argv "/usr/bin/nodejs" "/usr/bin/npm" "start"
21 error node v5.10.1
22 error npm  v3.8.3
23 error code ELIFECYCLE
24 error quiz@0.0.0 start: `node ./bin/www`
24 error Exit status 1
25 error Failed at the quiz@0.0.0 start script 'node ./bin/www'.
25 error Make sure you have the latest version of node.js and npm installed.
25 error If you do, this is most likely a problem with the quiz package,
25 error not with npm itself.
25 error Tell the author that this fails on your system:
25 error     node ./bin/www
25 error You can get information on how to open an issue for this project with:
25 error     npm bugs quiz
25 error Or if that isn't available, you can get their info via:
25 error     npm owner ls quiz
25 error There is likely additional logging output above.
26 verbose exit [ 1, true ]
